TN:__build_async_tests_tests_getsum
SF:/root/c_iz2/multiproc_sum/diag_sum.c
FN:16,send_message
FNDA:131324,send_message
FN:27,read_message
FNDA:131324,read_message
FN:33,get_sums
FNDA:2,get_sums
FN:174,free_res
FNDA:2,free_res
DA:16,131324
DA:18,131324
DA:19,131324
DA:20,131324
DA:21,131324
DA:23,0
DA:25,131324
DA:27,131324
DA:29,131324
DA:30,131324
DA:31,131324
DA:33,2
DA:34,2
DA:35,2
DA:36,2
DA:38,2
DA:40,2
DA:42,0
DA:46,26
DA:48,24
DA:49,48
DA:51,0
DA:53,48
DA:55,24
DA:56,24
DA:57,24
DA:59,24
DA:61,0
DA:62,0
DA:64,0
DA:66,0
DA:69,24
DA:70,24
DA:71,24
DA:73,0
DA:75,10124
DA:77,100020100
DA:80,100010000
DA:83,131300
DA:86,131276
DA:87,131276
DA:88,131276
DA:90,0
DA:91,0
DA:94,24
DA:95,24
DA:97,0
DA:98,0
DA:100,24
DA:101,24
DA:106,2
DA:108,26
DA:111,24
DA:113,24
DA:114,24
DA:118,0
DA:119,0
DA:121,24
DA:124,2
DA:125,2
DA:126,4
DA:128,2
DA:130,131298
DA:131,131300
DA:132,131300
DA:133,131300
DA:134,131300
DA:136,24
DA:137,2
DA:141,131276
DA:145,2
DA:146,24
DA:148,22
DA:149,22
DA:151,22
DA:153,0
DA:157,2
DA:159,0
DA:160,0
DA:162,2
DA:163,2
DA:165,0
DA:168,2
DA:170,0
DA:172,2
DA:174,2
DA:176,2
DA:177,2
DA:179,2
DA:181,2
end_of_record
